<?xml version="1.0" encoding="UTF-8"?>
<!-- Generated by org.testng.reporters.JUnitReportReporter -->
<testsuite hostname="DESKTOP-MUB7U19" failures="0" tests="3" name="testrunner.TestRunner" time="28.204" errors="0" timestamp="2022-08-12T17:35:43 IST" skipped="0">
  <testcase classname="testrunner.TestRunner" name="runScenario" time="7.945"/>
  <system-out/>
  <testcase classname="testrunner.TestRunner" name="runScenario" time="8.173"/>
  <system-out/>
  <testcase classname="testrunner.TestRunner" name="runScenario" time="12.086"/>
  <system-out/>
</testsuite> <!-- testrunner.TestRunner -->
