<?xml version="1.0" encoding="UTF-8"?>
<!-- Generated by org.testng.reporters.JUnitReportReporter -->
<testsuite hostname="DESKTOP-83NSN8M" failures="0" tests="3" name="testrunner.TestRunner" time="22.984" errors="0" timestamp="2022-08-16T12:31:47 IST" skipped="0">
  <testcase classname="testrunner.TestRunner" name="runScenario" time="8.463"/>
  <system-out/>
  <testcase classname="testrunner.TestRunner" name="runScenario" time="7.521"/>
  <system-out/>
  <testcase classname="testrunner.TestRunner" name="runScenario" time="7.000"/>
  <system-out/>
</testsuite> <!-- testrunner.TestRunner -->
